\BOOKMARK [-1][]{ctitle.-1}{\376\377\137\002\147\204\131\032\150\070\126\376\213\241\173\227\170\024\172\166}{}% 1
\BOOKMARK [0][]{section*.2}{\376\377\133\146\117\115\213\272\145\207\123\237\122\033\140\047\130\360\146\016\124\214\133\146\117\115\213\272\145\207\162\110\147\103\117\177\165\050\143\210\147\103\116\146}{ctitle.-1}% 2
\BOOKMARK [0][]{section*.3}{\376\377\144\130\000\040\211\201}{ctitle.-1}% 3
\BOOKMARK [0][]{section*.5}{\376\377\000A\000b\000s\000t\000r\000a\000c\000t}{ctitle.-1}% 4
\BOOKMARK [0][]{section*.7}{\376\377\166\356\000\040\000\040\000\040\000\040\137\125}{ctitle.-1}% 5
\BOOKMARK [0][]{section*.9}{\376\377\143\322\126\376\175\042\137\025}{ctitle.-1}% 6
\BOOKMARK [0][]{section*.11}{\376\377\226\104\210\150\175\042\137\025}{ctitle.-1}% 7
\BOOKMARK [0][]{section*.13}{\376\377\0001\000\040\137\025\212\000}{ctitle.-1}% 8
\BOOKMARK [1][]{section*.14}{\376\377\0001\000.\0001\000\040\220\011\230\230\200\314\146\157\123\312\141\017\116\111}{section*.13}% 9
\BOOKMARK [1][]{section*.15}{\376\377\0001\000.\0002\000\040\126\375\121\205\131\026\145\207\163\056\176\374\217\360}{section*.13}% 10
\BOOKMARK [2][]{section*.16}{\376\377\0001\000.\0002\000.\0001\000\040\122\006\136\003\137\017\174\373\176\337}{section*.15}% 11
\BOOKMARK [2][]{section*.17}{\376\377\0001\000.\0002\000.\0002\000\040\123\125\147\072\174\373\176\337}{section*.15}% 12
\BOOKMARK [1][]{section*.18}{\376\377\0001\000.\0003\000\040\170\024\172\166\121\205\133\271}{section*.13}% 13
\BOOKMARK [1][]{section*.19}{\376\377\0001\000.\0004\000\040\170\024\172\166\213\376\230\230\166\204\147\145\156\220}{section*.13}% 14
\BOOKMARK [0][]{section*.20}{\376\377\0002\000\040\126\376\213\241\173\227\166\370\121\163\151\202\137\365\116\016\142\200\147\057}{ctitle.-1}% 15
\BOOKMARK [1][]{section*.21}{\376\377\0002\000.\0001\000\040\126\376\166\204\166\370\121\163\151\202\137\365}{section*.20}% 16
\BOOKMARK [1][]{section*.22}{\376\377\0002\000.\0002\000\040\136\070\211\301\126\376\173\227\154\325}{section*.20}% 17
\BOOKMARK [2][]{section*.23}{\376\377\0002\000.\0002\000.\0001\000\040\126\376\166\204\133\130\120\250}{section*.22}% 18
\BOOKMARK [2][]{section*.29}{\376\377\0002\000.\0002\000.\0002\000\040\220\115\123\206\126\376}{section*.22}% 19
\BOOKMARK [2][]{section*.32}{\376\377\0002\000.\0002\000.\0003\000\040\123\125\156\220\147\000\167\355\215\357\137\204}{section*.22}% 20
\BOOKMARK [2][]{section*.33}{\376\377\0002\000.\0002\000.\0004\000\040\147\000\134\017\165\037\142\020\150\021}{section*.22}% 21
\BOOKMARK [2][]{section*.36}{\376\377\0002\000.\0002\000.\0005\000\040\000P\000a\000g\000e\000R\000a\000n\000k}{section*.22}% 22
\BOOKMARK [1][]{section*.38}{\376\377\0002\000.\0003\000\040\131\047\211\304\152\041\126\376\213\241\173\227\142\200\147\057}{section*.20}% 23
\BOOKMARK [2][]{section*.39}{\376\377\0002\000.\0003\000.\0001\000\040\000V\000e\000r\000t\000e\000x\000-\000C\000e\000n\000t\000r\000i\000c\152\041\127\213}{section*.38}% 24
\BOOKMARK [2][]{section*.40}{\376\377\0002\000.\0003\000.\0002\000\040\000B\000S\000P\213\241\173\227\152\041\127\213}{section*.38}% 25
\BOOKMARK [2][]{section*.41}{\376\377\0002\000.\0003\000.\0003\000\040\000E\000d\000g\000e\000-\000C\000e\000n\000t\000r\000i\000c\152\041\127\213}{section*.38}% 26
\BOOKMARK [1][]{section*.43}{\376\377\0002\000.\0004\000\040\136\166\123\321\142\200\147\057}{section*.20}% 27
\BOOKMARK [2][]{section*.44}{\376\377\0002\000.\0004\000.\0001\000\040\131\047\211\304\152\041\126\376\131\004\164\006\116\055\166\204\136\166\123\321\142\200\147\057}{section*.43}% 28
\BOOKMARK [2][]{section*.45}{\376\377\0002\000.\0004\000.\0002\000\040\000A\000c\000t\000o\000r\136\166\123\321\152\041\127\213}{section*.43}% 29
\BOOKMARK [2][]{section*.47}{\376\377\0002\000.\0004\000.\0003\000\040\000K\000i\000l\000i\000m\173\200\116\313}{section*.43}% 30
\BOOKMARK [1][]{section*.48}{\376\377\0002\000.\0005\000\040\170\301\166\330\000I\000O}{section*.20}% 31
\BOOKMARK [2][]{section*.49}{\376\377\0002\000.\0005\000.\0001\000\040\230\172\136\217\213\277\225\356}{section*.48}% 32
\BOOKMARK [2][]{section*.50}{\376\377\0002\000.\0005\000.\0002\000\040\137\002\153\145\000I\000O}{section*.48}% 33
\BOOKMARK [2][]{section*.51}{\376\377\0002\000.\0005\000.\0003\000\040\121\205\133\130\146\040\134\004}{section*.48}% 34
\BOOKMARK [1][]{section*.52}{\376\377\0002\000.\0006\000\040\134\017\176\323}{section*.20}% 35
\BOOKMARK [0][]{section*.53}{\376\377\0003\000\040\000G\000P\000S\000A\174\373\176\337\213\276\213\241\116\016\133\236\163\260}{ctitle.-1}% 36
\BOOKMARK [1][]{section*.54}{\376\377\0003\000.\0001\000\040\213\241\173\227\152\041\127\213\173\200\116\313}{section*.53}% 37
\BOOKMARK [1][]{section*.55}{\376\377\0003\000.\0002\000\040\000B\000S\000P\213\241\173\227\152\041\127\213}{section*.53}% 38
\BOOKMARK [1][]{section*.56}{\376\377\0003\000.\0003\000\040\000G\000r\000a\000p\000h\000C\000h\000i\137\002\153\145\213\241\173\227\152\041\127\213}{section*.53}% 39
\BOOKMARK [1][]{section*.57}{\376\377\0003\000.\0004\000\040\213\241\173\227\152\041\127\213\145\071\217\333}{section*.53}% 40
\BOOKMARK [2][]{section*.60}{\376\377\0003\000.\0004\000.\0001\000\040\117\040\176\337\000B\000S\000P\152\041\127\213\166\204\177\072\226\167}{section*.57}% 41
\BOOKMARK [2][]{section*.61}{\376\377\0003\000.\0004\000.\0002\000\040\000A\000c\000t\000o\000r\000-\000B\000S\000P\152\041\127\213}{section*.57}% 42
\BOOKMARK [2][]{section*.62}{\376\377\0003\000.\0004\000.\0003\000\040\000A\000c\000t\000o\000r\000-\000B\000S\000P\152\041\127\213\166\204\117\030\122\277}{section*.57}% 43
\BOOKMARK [1][]{section*.63}{\376\377\0003\000.\0005\000\040\145\160\143\156\176\304\176\307}{section*.53}% 44
\BOOKMARK [2][]{section*.64}{\376\377\0003\000.\0005\000.\0001\000\040\145\160\143\156\213\277\225\356\210\114\116\072}{section*.63}% 45
\BOOKMARK [2][]{section*.65}{\376\377\0003\000.\0005\000.\0002\000\040\170\301\166\330\000I\000O}{section*.63}% 46
\BOOKMARK [2][]{section*.66}{\376\377\0003\000.\0005\000.\0003\000\040\145\160\143\156\176\304\176\307\213\276\213\241}{section*.63}% 47
\BOOKMARK [1][]{section*.71}{\376\377\0003\000.\0006\000\040\155\210\140\157\122\006\123\321}{section*.53}% 48
\BOOKMARK [2][]{section*.72}{\376\377\0003\000.\0006\000.\0001\000\040\155\210\140\157}{section*.71}% 49
\BOOKMARK [2][]{section*.73}{\376\377\0003\000.\0006\000.\0002\000\040\122\006\123\321\173\126\165\145}{section*.71}% 50
\BOOKMARK [1][]{section*.74}{\376\377\0003\000.\0007\000\040\145\160\143\156\146\364\145\260}{section*.53}% 51
\BOOKMARK [1][]{section*.76}{\376\377\0003\000.\0008\000\040\000G\000P\000S\000A\133\236\163\260}{section*.53}% 52
\BOOKMARK [2][]{section*.78}{\376\377\0003\000.\0008\000.\0001\000\040\230\204\131\004\164\006}{section*.76}% 53
\BOOKMARK [2][]{section*.79}{\376\377\0003\000.\0008\000.\0002\000\040\000M\000a\000n\000a\000g\000e\000r\173\241\164\006\152\041\127\127}{section*.76}% 54
\BOOKMARK [2][]{section*.81}{\376\377\0003\000.\0008\000.\0003\000\040\000A\000c\000t\000o\000r\135\345\117\134\152\041\127\127}{section*.76}% 55
\BOOKMARK [1][]{section*.84}{\376\377\0003\000.\0009\000\040\134\017\176\323}{section*.53}% 56
\BOOKMARK [0][]{section*.85}{\376\377\0004\000\040\174\373\176\337\155\113\213\325\116\016\122\006\147\220}{ctitle.-1}% 57
\BOOKMARK [1][]{section*.86}{\376\377\0004\000.\0001\000\040\133\236\232\214\163\257\130\203}{section*.85}% 58
\BOOKMARK [2][]{section*.87}{\376\377\0004\000.\0001\000.\0001\000\040\170\154\116\366\163\257\130\203}{section*.86}% 59
\BOOKMARK [2][]{section*.88}{\376\377\0004\000.\0001\000.\0002\000\040\217\157\116\366\163\257\130\203}{section*.86}% 60
\BOOKMARK [2][]{section*.89}{\376\377\0004\000.\0001\000.\0003\000\040\155\113\213\325\145\160\143\156\226\306}{section*.86}% 61
\BOOKMARK [1][]{section*.91}{\376\377\0004\000.\0002\000\040\136\224\165\050}{section*.85}% 62
\BOOKMARK [2][]{section*.92}{\376\377\0004\000.\0002\000.\0001\000\040\000P\000a\000g\000e\000R\000a\000n\000k}{section*.91}% 63
\BOOKMARK [2][]{section*.94}{\376\377\0004\000.\0002\000.\0002\000\040\000B\000F\000S}{section*.91}% 64
\BOOKMARK [2][]{section*.96}{\376\377\0004\000.\0002\000.\0003\000\040\000C\000C}{section*.91}% 65
\BOOKMARK [1][]{section*.98}{\376\377\0004\000.\0003\000\040\140\047\200\375\155\113\213\325}{section*.85}% 66
\BOOKMARK [2][]{section*.99}{\376\377\0004\000.\0003\000.\0001\000\040\000g\000o\000o\000g\000l\000e\145\160\143\156\226\306\155\113\213\325}{section*.98}% 67
\BOOKMARK [2][]{section*.101}{\376\377\0004\000.\0003\000.\0002\000\040\000s\000o\000c\000-\145\160\143\156\226\306\155\113\213\325}{section*.98}% 68
\BOOKMARK [2][]{section*.104}{\376\377\0004\000.\0003\000.\0003\000\040\000t\000w\000i\000t\000t\000e\000r\000-\0002\0000\0001\0000\145\160\143\156\226\306\155\113\213\325}{section*.98}% 69
\BOOKMARK [1][]{section*.106}{\376\377\0004\000.\0004\000\040\131\032\150\070\122\051\165\050\163\207\155\113\213\325}{section*.85}% 70
\BOOKMARK [1][]{section*.110}{\376\377\0004\000.\0005\000\040\134\017\176\323}{section*.85}% 71
\BOOKMARK [0][]{section*.111}{\376\377\176\323\000\040\213\272}{ctitle.-1}% 72
\BOOKMARK [0][]{section*.114}{\376\377\123\302\200\003\145\207\163\056}{ctitle.-1}% 73
\BOOKMARK [0][]{section*.116}{\376\377\201\364\000\040\214\042}{ctitle.-1}% 74
\BOOKMARK [0][]{section*.118}{\376\377\226\104\137\125\000A\000\040\123\321\210\150\213\272\145\207\124\214\123\302\122\240\171\321\170\024\140\305\121\265\213\364\146\016}{ctitle.-1}% 75
